<?xml version="1.0" encoding="UTF-8"?>
<!-- Generated by org.testng.reporters.JUnitXMLReporter -->
<testsuite hostname="LNAR-PF0U6F79" ignored="0" name="Default test" tests="3" failures="0" timestamp="28 Oct 2019 20:34:16 GMT" time="25.617" errors="0">
  <testcase name="loginPageTitleTest" time="0.04" classname="com.crm.qa.testcases.LoginPageTest"/>
  <testcase name="crmLogoImageTest" time="0.234" classname="com.crm.qa.testcases.LoginPageTest"/>
  <testcase name="loginTest" time="0.001" classname="com.crm.qa.testcases.LoginPageTest"/>
</testsuite> <!-- Default test -->
